<?xml version="1.0" encoding="UTF-8"?>
<testsuite xmlns:xsi="http://www.w3.org/2001/XMLSchema-instance" xsi:noNamespaceSchemaLocation="https://maven.apache.org/surefire/maven-surefire-plugin/xsd/surefire-test-report.xsd" name="ParallelogramTest" time="0.281" tests="5" errors="0" skipped="1" failures="1">
  <properties>
[...]
</properties>
  <testcase name="testmethod" classname="ParallelogramTest" time="0.141">
    <failure message="This is a prototype" type="org.opentest4j.AssertionFailedError">org.opentest4j.AssertionFailedError: This is a prototype
	at ParallelogramTest.testmethod(ParallelogramTest.java:59)
</failure>
  </testcase>
  <testcase name="testTimeout" classname="ParallelogramTest" time="0.125"/>
  <testcase name="testidentity" classname="ParallelogramTest" time="0"/>
  <testcase name="testDisabled" classname="ParallelogramTest" time="0">
    <skipped message="public void ParallelogramTest.testDisabled() is @Disabled"/>
  </testcase>
  <testcase name="testEquality" classname="ParallelogramTest" time="0"/>
</testsuite>